  aes.cpp
  aes.h
  gf.cpp
  gf.h
  main.cpp
c:\users\bsgre\desktop\inha\computersecurity\aes\aes\main.cpp(62): warning C4996: '_sleep': This function or variable has been superceded by newer library or operating system functionality. Consider using Sleep instead. See online help for details.
  c:\program files (x86)\windows kits\10\include\10.0.17763.0\ucrt\stdlib.h(1274): note: '_sleep' 선언을 참조하십시오.
c:\users\bsgre\desktop\inha\computersecurity\aes\aes\main.cpp(70): warning C4477: 'scanf' : 서식 문자열 '%02X'에 'unsigned int *' 형식의 인수가 필요하지만 variadic 인수 1의 형식이 'unsigned char *'입니다.
  c:\users\bsgre\desktop\inha\computersecurity\aes\aes\main.cpp(70): note: 서식 문자열에서 '%hhX'을(를) 사용하는 것이 좋습니다.
c:\users\bsgre\desktop\inha\computersecurity\aes\aes\main.cpp(79): warning C4477: 'scanf' : 서식 문자열 '%02X'에 'unsigned int *' 형식의 인수가 필요하지만 variadic 인수 1의 형식이 'unsigned char *'입니다.
  c:\users\bsgre\desktop\inha\computersecurity\aes\aes\main.cpp(79): note: 서식 문자열에서 '%hhX'을(를) 사용하는 것이 좋습니다.
c:\users\bsgre\desktop\inha\computersecurity\aes\aes\main.cpp(68): warning C4996: 'freopen': This function or variable may be unsafe. Consider using freopen_s instead. To disable deprecation, use _CRT_SECURE_NO_WARNINGS. See online help for details.
  c:\program files (x86)\windows kits\10\include\10.0.17763.0\ucrt\stdio.h(243): note: 'freopen' 선언을 참조하십시오.
c:\users\bsgre\desktop\inha\computersecurity\aes\aes\main.cpp(70): warning C4996: 'scanf': This function or variable may be unsafe. Consider using scanf_s instead. To disable deprecation, use _CRT_SECURE_NO_WARNINGS. See online help for details.
  c:\program files (x86)\windows kits\10\include\10.0.17763.0\ucrt\stdio.h(1274): note: 'scanf' 선언을 참조하십시오.
c:\users\bsgre\desktop\inha\computersecurity\aes\aes\main.cpp(77): warning C4996: 'freopen': This function or variable may be unsafe. Consider using freopen_s instead. To disable deprecation, use _CRT_SECURE_NO_WARNINGS. See online help for details.
  c:\program files (x86)\windows kits\10\include\10.0.17763.0\ucrt\stdio.h(243): note: 'freopen' 선언을 참조하십시오.
c:\users\bsgre\desktop\inha\computersecurity\aes\aes\main.cpp(79): warning C4996: 'scanf': This function or variable may be unsafe. Consider using scanf_s instead. To disable deprecation, use _CRT_SECURE_NO_WARNINGS. See online help for details.
  c:\program files (x86)\windows kits\10\include\10.0.17763.0\ucrt\stdio.h(1274): note: 'scanf' 선언을 참조하십시오.
Release\aes.obj : warning LNK4042: 개체가 두 번 이상 지정되었습니다. 나머지는 무시됩니다.
Release\gf.obj : warning LNK4042: 개체가 두 번 이상 지정되었습니다. 나머지는 무시됩니다.
  코드를 생성하고 있습니다.
  All 166 functions were compiled because no usable IPDB/IOBJ from previous compilation was found.
  코드를 생성했습니다.
  AES.vcxproj -> C:\Users\bsgre\Desktop\inha\ComputerSecurity\AES\Release\AES.exe
